<?xml version="1.0" encoding="UTF-8"?>
<!-- Generated by org.testng.reporters.JUnitReportReporter -->
<testsuite hostname="DESKTOP-9U7KF4V" failures="0" tests="1" name="crm.Demo.Github.JenkinsTest.Demo1Test" time="0.018" errors="0" timestamp="2021-11-13T13:07:30 IST" skipped="0">
  <testcase classname="crm.Demo.Github.JenkinsTest.Demo1Test" name="Demo" time="0.018"/>
  <system-out/>
</testsuite> <!-- crm.Demo.Github.JenkinsTest.Demo1Test -->
